-------------------------------------------------------------------------------
Test set: week4_041423.q1.Q1ApplicationTests
-------------------------------------------------------------------------------
Tests run: 1, Failures: 0, Errors: 1, Skipped: 0, Time elapsed: 0.11 s <<< FAILURE! - in week4_041423.q1.Q1ApplicationTests
week4_041423.q1.Q1ApplicationTests  Time elapsed: 0.109 s  <<< ERROR!
java.lang.IllegalStateException: Unable to find a @SpringBootConfiguration, you need to use @ContextConfiguration or @SpringBootTest(classes=...) with your test

